# JRE version: OpenJDK Runtime Environment (20.0.1+9) (build 20.0.1+9-29)
# Java VM: OpenJDK 64-Bit Server VM (20.0.1+9-29, mixed mode, sharing, tiered, compressed oops, compressed class ptrs, g1 gc, windows-amd64)
GC Precious Log:
 CardTable entry size: 512
 Card Set container configuration: InlinePtr #cards 5 size 8 Array Of Cards #cards 12 size 40 Howl #buckets 4 coarsen threshold 1843 Howl Bitmap #cards 512 size 80 coarsen threshold 460 Card regions per heap region 1 cards per card region 2048
 CPUs: 2 total, 2 available
 Memory: 3979M
 Large Page Support: Disabled
 NUMA Support: Disabled
 Compressed Oops: Enabled (32-bit)
 Heap Region Size: 1M
 Heap Min Capacity: 8M
 Heap Initial Capacity: 64M
 Heap Max Capacity: 996M
 Pre-touch: Disabled
 Parallel Workers: 2
 Concurrent Workers: 1
 Concurrent Refinement Workers: 2
 Periodic GC: Disabled
Heap:
 garbage-first heap   total 65536K, used 10930K [0x00000000c1c00000, 0x0000000100000000)
  region size 1024K, 9 young (9216K), 4 survivors (4096K)
 Metaspace       used 12611K, committed 12864K, reserved 1114112K
  class space    used 1472K, committed 1600K, reserved 1048576K
GC Heap History (8 events):
Event: 2.799 GC heap before
{Heap before GC invocations=0 (full 0):
 garbage-first heap   total 65536K, used 5120K [0x00000000c1c00000, 0x0000000100000000)
  region size 1024K, 6 young (6144K), 0 survivors (0K)
 Metaspace       used 1975K, committed 2112K, reserved 1114112K
  class space    used 170K, committed 192K, reserved 1048576K
}
Event: 2.805 GC heap after
{Heap after GC invocations=1 (full 0):
 garbage-first heap   total 65536K, used 2898K [0x00000000c1c00000, 0x0000000100000000)
  region size 1024K, 1 young (1024K), 1 survivors (1024K)
 Metaspace       used 1975K, committed 2112K, reserved 1114112K
  class space    used 170K, committed 192K, reserved 1048576K
}
Event: 4.465 GC heap before
{Heap before GC invocations=1 (full 0):
 garbage-first heap   total 65536K, used 6994K [0x00000000c1c00000, 0x0000000100000000)
  region size 1024K, 5 young (5120K), 1 survivors (1024K)
 Metaspace       used 3574K, committed 3840K, reserved 1114112K
  class space    used 328K, committed 448K, reserved 1048576K
}
Event: 4.469 GC heap after
{Heap after GC invocations=2 (full 0):
 garbage-first heap   total 65536K, used 3997K [0x00000000c1c00000, 0x0000000100000000)
  region size 1024K, 1 young (1024K), 1 survivors (1024K)
 Metaspace       used 3574K, committed 3840K, reserved 1114112K
  class space    used 328K, committed 448K, reserved 1048576K
}
Event: 5.364 GC heap before
{Heap before GC invocations=2 (full 0):
 garbage-first heap   total 65536K, used 13213K [0x00000000c1c00000, 0x0000000100000000)
  region size 1024K, 11 young (11264K), 1 survivors (1024K)
 Metaspace       used 6065K, committed 6208K, reserved 1114112K
  class space    used 671K, committed 768K, reserved 1048576K
}
Event: 5.368 GC heap after
{Heap after GC invocations=3 (full 0):
 garbage-first heap   total 65536K, used 4696K [0x00000000c1c00000, 0x0000000100000000)
  region size 1024K, 2 young (2048K), 2 survivors (2048K)
 Metaspace       used 6065K, committed 6208K, reserved 1114112K
  class space    used 671K, committed 768K, reserved 1048576K
}
Event: 6.828 GC heap before
{Heap before GC invocations=3 (full 0):
 garbage-first heap   total 65536K, used 40536K [0x00000000c1c00000, 0x0000000100000000)
  region size 1024K, 38 young (38912K), 2 survivors (2048K)
 Metaspace       used 11653K, committed 11904K, reserved 1114112K
  class space    used 1371K, committed 1472K, reserved 1048576K
}
Event: 6.836 GC heap after
{Heap after GC invocations=4 (full 0):
 garbage-first heap   total 65536K, used 6834K [0x00000000c1c00000, 0x0000000100000000)
  region size 1024K, 4 young (4096K), 4 survivors (4096K)
 Metaspace       used 11653K, committed 11904K, reserved 1114112K
  class space    used 1371K, committed 1472K, reserved 1048576K
}

